2024/09/04 9:25:26 にビルドを開始しました。
ログの詳細度は次のように設定されています: Normal。     1>ノード 2 上のプロジェクト "C:\run\OC\OC.vcxproj" (Build ターゲット)。
     1>InitializeBuildStatus:
         "AlwaysCreate" が指定されたため "x64\Debug\OC.tlog\unsuccessfulbuild" を作成しています。
       ClCompile:
         C:\Program Files\Microsoft Visual Studio\2022\Community\VC\Tools\MSVC\14.31.31103\bin\HostX64\x64\CL.exe /c /I"C:\DxLib_VC\プロジェクトに追加すべきファイル_VC用" /ZI /JMC /nologo /W3 /WX- /diagnostics:column /sdl /Od /D _DEBUG /D _WINDOWS /D _MBCS /Gm- /EHsc /RTC1 /MTd /GS /fp:precise /Zc:wchar_t /Zc:forScope /Zc:inline /permissive- /Fo"x64\Debug\\" /Fd"x64\Debug\vc143.pdb" /external:W3 /Gd /TP /FC /errorReport:prompt GameMain.cpp
         GameMain.cpp
     1>C:\DxLib_VC\プロジェクトに追加すべきファイル_VC用\DxFunctionWin.h(276,1): warning C4010: 単一行コメント (//) に、行連結文字があります。
     1>C:\run\OC\GameMain.cpp(57,15): warning C4244: '-=': 'double' から 'int' への変換です。データが失われる可能性があります。
     1>C:\run\OC\GameMain.cpp(58,16): warning C4244: '-=': 'double' から 'int' への変換です。データが失われる可能性があります。
       Link:
         C:\Program Files\Microsoft Visual Studio\2022\Community\VC\Tools\MSVC\14.31.31103\bin\HostX64\x64\link.exe /ERRORREPORT:PROMPT /OUT:"C:\run\OC\x64\Debug\OC.exe" /INCREMENTAL /ILK:"x64\Debug\OC.ilk" /NOLOGO /LIBPATH:"C:\DxLib_VC\プロジェクトに追加すべきファイル_VC用" kernel32.lib user32.lib gdi32.lib winspool.lib comdlg32.lib advapi32.lib shell32.lib ole32.lib oleaut32.lib uuid.lib odbc32.lib odbccp32.lib /MANIFEST /MANIFESTUAC:"level='asInvoker' uiAccess='false'" /manifest:embed /DEBUG /PDB:"C:\run\OC\x64\Debug\OC.pdb" /SUBSYSTEM:WINDOWS /TLBID:1 /DYNAMICBASE /NXCOMPAT /IMPLIB:"C:\run\OC\x64\Debug\OC.lib" /MACHINE:X64 x64\Debug\FpsControl.obj
         x64\Debug\GameMain.obj
         x64\Debug\main.obj
         x64\Debug\SceneManager.obj
         OC.vcxproj -> C:\run\OC\x64\Debug\OC.exe
       FinalizeBuildStatus:
         ファイル "x64\Debug\OC.tlog\unsuccessfulbuild" を削除しています。
         "x64\Debug\OC.tlog\OC.lastbuildstate" のタッチ タスクを実行しています。
     1>プロジェクト "C:\run\OC\OC.vcxproj" (Build ターゲット) のビルドが完了しました。

ビルドに成功しました。

       "C:\run\OC\OC.vcxproj" (Build ターゲット) (1) ->
       (ClCompile ターゲット) -> 
         C:\DxLib_VC\プロジェクトに追加すべきファイル_VC用\DxFunctionWin.h(276,1): warning C4010: 単一行コメント (//) に、行連結文字があります。
         C:\run\OC\GameMain.cpp(57,15): warning C4244: '-=': 'double' から 'int' への変換です。データが失われる可能性があります。
         C:\run\OC\GameMain.cpp(58,16): warning C4244: '-=': 'double' から 'int' への変換です。データが失われる可能性があります。

    3 個の警告
    0 エラー

経過時間 00:00:01.51
